2023-12-25T22:48:20.304924-0800 INFO Num Threads - 8192
2023-12-25T22:48:20.546951-0800 INFO Time taken by 8192 CPU threads: 0.24021714902482927 seconds
2023-12-25T22:48:20.547449-0800 INFO mflops for 8192 CPU threads: 68.20495566828379
2023-12-25T22:48:20.792764-0800 INFO Profiling Output:
         18002 function calls in 0.244 seconds

   Random listing order was used

   ncalls  tottime  percall  cumtime  percall filename:lineno(function)
     3000    0.000    0.000    0.000    0.000 {built-in method builtins.isinstance}
        1    0.000    0.000    0.000    0.000 {method 'disable' of '_lsprof.Profiler' objects}
     3000    0.012    0.000    0.016    0.000 /scratch/envs/kernels/lib/python3.10/site-packages/numpy/ctypeslib.py:182(from_param)
     3000    0.004    0.000    0.004    0.000 /scratch/envs/kernels/lib/python3.10/site-packages/numpy/core/_internal.py:250(__init__)
     3000    0.004    0.000    0.009    0.000 /scratch/envs/kernels/lib/python3.10/site-packages/numpy/core/_internal.py:267(data_as)
     3000    0.003    0.000    0.012    0.000 /scratch/envs/kernels/lib/python3.10/site-packages/numpy/core/_internal.py:345(_as_parameter_)
        1    0.216    0.216    0.244    0.244 /scratch/subramav/CUDA_KERNELS/feed_forward/OPENMP/MultSIMD/prefetch_main.py:11(task)
     3000    0.005    0.000    0.005    0.000 /scratch/envs/kernels/lib/python3.10/ctypes/__init__.py:509(cast)



2023-12-25T23:01:14.121519-0800 INFO Num Threads - 8192
2023-12-25T23:01:14.363237-0800 INFO Time taken by 8192 CPU threads: 0.23990846803644672 seconds
2023-12-25T23:01:14.363683-0800 INFO mflops for 8192 CPU threads: 68.29271235857733
2023-12-25T23:01:14.723533-0800 INFO Profiling Output:
         18002 function calls in 0.359 seconds

   Random listing order was used

   ncalls  tottime  percall  cumtime  percall filename:lineno(function)
     3000    0.000    0.000    0.000    0.000 {built-in method builtins.isinstance}
        1    0.000    0.000    0.000    0.000 {method 'disable' of '_lsprof.Profiler' objects}
     3000    0.013    0.000    0.020    0.000 /scratch/envs/kernels/lib/python3.10/site-packages/numpy/ctypeslib.py:182(from_param)
     3000    0.007    0.000    0.007    0.000 /scratch/envs/kernels/lib/python3.10/site-packages/numpy/core/_internal.py:250(__init__)
     3000    0.004    0.000    0.011    0.000 /scratch/envs/kernels/lib/python3.10/site-packages/numpy/core/_internal.py:267(data_as)
     3000    0.003    0.000    0.014    0.000 /scratch/envs/kernels/lib/python3.10/site-packages/numpy/core/_internal.py:345(_as_parameter_)
        1    0.325    0.325    0.359    0.359 /scratch/subramav/CUDA_KERNELS/feed_forward/OPENMP/MultSIMD/prefetch_main.py:11(task)
     3000    0.007    0.000    0.007    0.000 /scratch/envs/kernels/lib/python3.10/ctypes/__init__.py:509(cast)



